build/app/intermediates/manifest_merge_blame_file/debug/processDebugMainManifest/manifest-merger-blame-debug-report.txt
1<?xml version="1.0" encoding="utf-8"?>
2<manifest xmlns:android="http://schemas.android.com/apk/res/android"
3    package="com.example.digit_presence"
4    android:versionCode="1"
5    android:versionName="1.0.0" >
6
7    <uses-sdk
8        android:minSdkVersion="23"
9        android:targetSdkVersion="35" />
10    <!--
11         The INTERNET permission is required for development. Specifically,
12         the Flutter tool needs it to communicate with the running application
13         to allow setting breakpoints, to provide hot reload, etc.
14    -->
15    <uses-permission android:name="android.permission.INTERNET" />
15-->src\main\AndroidManifest.xml:3:5-66
15-->src\main\AndroidManifest.xml:3:22-64
16    <uses-permission android:name="android.permission.ACCESS_NETWORK_STATE" />
16-->src\main\AndroidManifest.xml:4:5-78
16-->src\main\AndroidManifest.xml:4:22-76
17    <uses-permission android:name="android.permission.INTERACT_ACROSS_USERS" />
17-->src\main\AndroidManifest.xml:5:5-79
17-->src\main\AndroidManifest.xml:5:22-77
18    <!--
19 Required to query activities that can process text, see:
20         https://developer.android.com/training/package-visibility and
21         https://developer.android.com/reference/android/content/Intent#ACTION_PROCESS_TEXT.
22
23         In particular, this is used by the Flutter engine in io.flutter.plugin.text.ProcessTextPlugin.
24    -->
25    <queries>
25-->src\main\AndroidManifest.xml:50:5-55:15
26        <intent>
26-->src\main\AndroidManifest.xml:51:9-54:18
27            <action android:name="android.intent.action.PROCESS_TEXT" />
27-->src\main\AndroidManifest.xml:52:13-72
27-->src\main\AndroidManifest.xml:52:21-70
28
29            <data android:mimeType="text/plain" />
29-->src\main\AndroidManifest.xml:53:13-50
29-->src\main\AndroidManifest.xml:53:19-48
30        </intent>
31    </queries>
32
33    <uses-permission android:name="com.google.android.providers.gsf.permission.READ_GSERVICES" />
33-->[com.google.android.recaptcha:recaptcha:18.6.1] AndroidManifest.xml:9:5-98
33-->[com.google.android.recaptcha:recaptcha:18.6.1] AndroidManifest.xml:9:22-95
34
35    <permission
35-->[androidx.core:core:1.13.1] AndroidManifest.xml:22:5-24:47
36        android:name="com.example.digit_presence.DYNAMIC_RECEIVER_NOT_EXPORTED_PERMISSION"
36-->[androidx.core:core:1.13.1] AndroidManifest.xml:23:9-81
37        android:protectionLevel="signature" />
37-->[androidx.core:core:1.13.1] AndroidManifest.xml:24:9-44
38
39    <uses-permission android:name="com.example.digit_presence.DYNAMIC_RECEIVER_NOT_EXPORTED_PERMISSION" />
39-->[androidx.core:core:1.13.1] AndroidManifest.xml:26:5-97
39-->[androidx.core:core:1.13.1] AndroidManifest.xml:26:22-94
40    <uses-permission android:name="android.permission.CAMERA" /> <!-- Don't require camera, as this requires a rear camera. This allows it to work on the Nexus 7 -->
40-->[com.journeyapps:zxing-android-embedded:4.3.0] AndroidManifest.xml:22:5-65
40-->[com.journeyapps:zxing-android-embedded:4.3.0] AndroidManifest.xml:22:22-62
41    <uses-feature
41-->[com.journeyapps:zxing-android-embedded:4.3.0] AndroidManifest.xml:25:5-27:36
42        android:name="android.hardware.camera"
42-->[com.journeyapps:zxing-android-embedded:4.3.0] AndroidManifest.xml:26:9-47
43        android:required="false" />
43-->[com.journeyapps:zxing-android-embedded:4.3.0] AndroidManifest.xml:27:9-33
44    <uses-feature
44-->[com.journeyapps:zxing-android-embedded:4.3.0] AndroidManifest.xml:28:5-30:36
45        android:name="android.hardware.camera.front"
45-->[com.journeyapps:zxing-android-embedded:4.3.0] AndroidManifest.xml:29:9-53
46        android:required="false" /> <!-- TODO replace above two with next line after Android 4.2 -->
46-->[com.journeyapps:zxing-android-embedded:4.3.0] AndroidManifest.xml:30:9-33
47    <!-- <uses-feature android:name="android.hardware.camera.any"/> -->
48    <uses-feature
48-->[com.journeyapps:zxing-android-embedded:4.3.0] AndroidManifest.xml:33:5-35:36
49        android:name="android.hardware.camera.autofocus"
49-->[com.journeyapps:zxing-android-embedded:4.3.0] AndroidManifest.xml:34:9-57
50        android:required="false" />
50-->[com.journeyapps:zxing-android-embedded:4.3.0] AndroidManifest.xml:35:9-33
51    <uses-feature
51-->[com.journeyapps:zxing-android-embedded:4.3.0] AndroidManifest.xml:36:5-38:36
52        android:name="android.hardware.camera.flash"
52-->[com.journeyapps:zxing-android-embedded:4.3.0] AndroidManifest.xml:37:9-53
53        android:required="false" />
53-->[com.journeyapps:zxing-android-embedded:4.3.0] AndroidManifest.xml:38:9-33
54    <uses-feature
54-->[com.journeyapps:zxing-android-embedded:4.3.0] AndroidManifest.xml:39:5-41:36
55        android:name="android.hardware.screen.landscape"
55-->[com.journeyapps:zxing-android-embedded:4.3.0] AndroidManifest.xml:40:9-57
56        android:required="false" />
56-->[com.journeyapps:zxing-android-embedded:4.3.0] AndroidManifest.xml:41:9-33
57    <uses-feature
57-->[com.journeyapps:zxing-android-embedded:4.3.0] AndroidManifest.xml:42:5-44:36
58        android:name="android.hardware.wifi"
58-->[com.journeyapps:zxing-android-embedded:4.3.0] AndroidManifest.xml:43:9-45
59        android:required="false" />
59-->[com.journeyapps:zxing-android-embedded:4.3.0] AndroidManifest.xml:44:9-33
60
61    <application
62        android:name="android.app.Application"
63        android:appComponentFactory="androidx.core.app.CoreComponentFactory"
63-->[androidx.core:core:1.13.1] AndroidManifest.xml:28:18-86
64        android:debuggable="true"
65        android:extractNativeLibs="false"
66        android:icon="@mipmap/ic_launcher"
67        android:label="digit_presence"
68        android:usesCleartextTraffic="true" >
69        <activity
70            android:name="com.example.digit_presence.MainActivity"
71            android:configChanges="orientation|keyboardHidden|keyboard|screenSize|smallestScreenSize|locale|layoutDirection|fontScale|screenLayout|density|uiMode"
72            android:exported="true"
73            android:hardwareAccelerated="true"
74            android:launchMode="singleTop"
75            android:taskAffinity=""
76            android:theme="@style/LaunchTheme"
77            android:windowSoftInputMode="adjustResize" >
78
79            <!--
80                 Specifies an Android theme to apply to this Activity as soon as
81                 the Android process has started. This theme is visible to the user
82                 while the Flutter UI initializes. After that, this theme continues
83                 to determine the Window background behind the Flutter UI.
84            -->
85            <meta-data
86                android:name="io.flutter.embedding.android.NormalTheme"
87                android:resource="@style/NormalTheme" />
88
89            <intent-filter>
90                <action android:name="android.intent.action.MAIN" />
91
92                <category android:name="android.intent.category.LAUNCHER" />
93            </intent-filter>
94        </activity>
95        <!--
96             Don't delete the meta-data below.
97             This is used by the Flutter tool to generate GeneratedPluginRegistrant.java
98        -->
99        <meta-data
100            android:name="flutterEmbedding"
101            android:value="2" />
102        <meta-data
103            android:name="flutter.embedding.android.SplashScreenDrawable"
104            android:resource="@drawable/launch_background" />
105
106        <provider
106-->[:image_picker_android] AndroidManifest.xml:9:9-17:20
107            android:name="io.flutter.plugins.imagepicker.ImagePickerFileProvider"
107-->[:image_picker_android] AndroidManifest.xml:10:13-82
108            android:authorities="com.example.digit_presence.flutter.image_provider"
108-->[:image_picker_android] AndroidManifest.xml:11:13-74
109            android:exported="false"
109-->[:image_picker_android] AndroidManifest.xml:12:13-37
110            android:grantUriPermissions="true" >
110-->[:image_picker_android] AndroidManifest.xml:13:13-47
111            <meta-data
111-->[:image_picker_android] AndroidManifest.xml:14:13-16:75
112                android:name="android.support.FILE_PROVIDER_PATHS"
112-->[:image_picker_android] AndroidManifest.xml:15:17-67
113                android:resource="@xml/flutter_image_picker_file_paths" />
113-->[:image_picker_android] AndroidManifest.xml:16:17-72
114        </provider> <!-- Trigger Google Play services to install the backported photo picker module. -->
115        <service
115-->[:image_picker_android] AndroidManifest.xml:19:9-31:19
116            android:name="com.google.android.gms.metadata.ModuleDependencies"
116-->[:image_picker_android] AndroidManifest.xml:20:13-78
117            android:enabled="false"
117-->[:image_picker_android] AndroidManifest.xml:21:13-36
118            android:exported="false" >
118-->[:image_picker_android] AndroidManifest.xml:22:13-37
119            <intent-filter>
119-->[:image_picker_android] AndroidManifest.xml:24:13-26:29
120                <action android:name="com.google.android.gms.metadata.MODULE_DEPENDENCIES" />
120-->[:image_picker_android] AndroidManifest.xml:25:17-94
120-->[:image_picker_android] AndroidManifest.xml:25:25-91
121            </intent-filter>
122
123            <meta-data
123-->[:image_picker_android] AndroidManifest.xml:28:13-30:36
124                android:name="photopicker_activity:0:required"
124-->[:image_picker_android] AndroidManifest.xml:29:17-63
125                android:value="" />
125-->[:image_picker_android] AndroidManifest.xml:30:17-33
126        </service>
127        <service
127-->[:firebase_auth] AndroidManifest.xml:8:9-12:19
128            android:name="com.google.firebase.components.ComponentDiscoveryService"
128-->[:firebase_auth] AndroidManifest.xml:8:18-89
129            android:directBootAware="true"
129-->[com.google.firebase:firebase-common:21.0.0] AndroidManifest.xml:32:13-43
130            android:exported="false" >
130-->[com.google.firebase:firebase-auth:23.2.0] AndroidManifest.xml:68:13-37
131            <meta-data
131-->[:firebase_auth] AndroidManifest.xml:9:13-11:85
132                android:name="com.google.firebase.components:io.flutter.plugins.firebase.auth.FlutterFirebaseAuthRegistrar"
132-->[:firebase_auth] AndroidManifest.xml:10:17-124
133                android:value="com.google.firebase.components.ComponentRegistrar" />
133-->[:firebase_auth] AndroidManifest.xml:11:17-82
134            <meta-data
134-->[:firebase_dynamic_links] AndroidManifest.xml:11:13-13:85
135                android:name="com.google.firebase.components:io.flutter.plugins.firebase.dynamiclinks.FlutterFirebaseAppRegistrar"
135-->[:firebase_dynamic_links] AndroidManifest.xml:12:17-131
136                android:value="com.google.firebase.components.ComponentRegistrar" />
136-->[:firebase_dynamic_links] AndroidManifest.xml:13:17-82
137            <meta-data
137-->[:firebase_core] AndroidManifest.xml:9:13-11:85
138                android:name="com.google.firebase.components:io.flutter.plugins.firebase.core.FlutterFirebaseCoreRegistrar"
138-->[:firebase_core] AndroidManifest.xml:10:17-124
139                android:value="com.google.firebase.components.ComponentRegistrar" />
139-->[:firebase_core] AndroidManifest.xml:11:17-82
140            <meta-data
140-->[com.google.firebase:firebase-auth:23.2.0] AndroidManifest.xml:69:13-71:85
141                android:name="com.google.firebase.components:com.google.firebase.auth.FirebaseAuthRegistrar"
141-->[com.google.firebase:firebase-auth:23.2.0] AndroidManifest.xml:70:17-109
142                android:value="com.google.firebase.components.ComponentRegistrar" />
142-->[com.google.firebase:firebase-auth:23.2.0] AndroidManifest.xml:71:17-82
143            <meta-data
143-->[com.google.firebase:firebase-dynamic-links:22.1.0] AndroidManifest.xml:24:13-26:85
144                android:name="com.google.firebase.components:com.google.firebase.dynamiclinks.FirebaseDynamicLinksKtxRegistrar"
144-->[com.google.firebase:firebase-dynamic-links:22.1.0] AndroidManifest.xml:25:17-128
145                android:value="com.google.firebase.components.ComponentRegistrar" />
145-->[com.google.firebase:firebase-dynamic-links:22.1.0] AndroidManifest.xml:26:17-82
146            <meta-data
146-->[com.google.firebase:firebase-dynamic-links:22.1.0] AndroidManifest.xml:27:13-29:85
147                android:name="com.google.firebase.components:com.google.firebase.dynamiclinks.internal.FirebaseDynamicLinkRegistrar"
147-->[com.google.firebase:firebase-dynamic-links:22.1.0] AndroidManifest.xml:28:17-133
148                android:value="com.google.firebase.components.ComponentRegistrar" />
148-->[com.google.firebase:firebase-dynamic-links:22.1.0] AndroidManifest.xml:29:17-82
149            <meta-data
149-->[com.google.firebase:firebase-common-ktx:21.0.0] AndroidManifest.xml:12:13-14:85
150                android:name="com.google.firebase.components:com.google.firebase.ktx.FirebaseCommonLegacyRegistrar"
150-->[com.google.firebase:firebase-common-ktx:21.0.0] AndroidManifest.xml:13:17-116
151                android:value="com.google.firebase.components.ComponentRegistrar" />
151-->[com.google.firebase:firebase-common-ktx:21.0.0] AndroidManifest.xml:14:17-82
152            <meta-data
152-->[com.google.firebase:firebase-common:21.0.0] AndroidManifest.xml:35:13-37:85
153                android:name="com.google.firebase.components:com.google.firebase.FirebaseCommonKtxRegistrar"
153-->[com.google.firebase:firebase-common:21.0.0] AndroidManifest.xml:36:17-109
154                android:value="com.google.firebase.components.ComponentRegistrar" />
154-->[com.google.firebase:firebase-common:21.0.0] AndroidManifest.xml:37:17-82
155        </service>
156
157        <activity
157-->[com.google.firebase:firebase-auth:23.2.0] AndroidManifest.xml:29:9-46:20
158            android:name="com.google.firebase.auth.internal.GenericIdpActivity"
158-->[com.google.firebase:firebase-auth:23.2.0] AndroidManifest.xml:30:13-80
159            android:excludeFromRecents="true"
159-->[com.google.firebase:firebase-auth:23.2.0] AndroidManifest.xml:31:13-46
160            android:exported="true"
160-->[com.google.firebase:firebase-auth:23.2.0] AndroidManifest.xml:32:13-36
161            android:launchMode="singleTask"
161-->[com.google.firebase:firebase-auth:23.2.0] AndroidManifest.xml:33:13-44
162            android:theme="@android:style/Theme.Translucent.NoTitleBar" >
162-->[com.google.firebase:firebase-auth:23.2.0] AndroidManifest.xml:34:13-72
163            <intent-filter>
163-->[com.google.firebase:firebase-auth:23.2.0] AndroidManifest.xml:35:13-45:29
164                <action android:name="android.intent.action.VIEW" />
164-->[com.google.firebase:firebase-auth:23.2.0] AndroidManifest.xml:36:17-69
164-->[com.google.firebase:firebase-auth:23.2.0] AndroidManifest.xml:36:25-66
165
166                <category android:name="android.intent.category.DEFAULT" />
166-->[com.google.firebase:firebase-auth:23.2.0] AndroidManifest.xml:38:17-76
166-->[com.google.firebase:firebase-auth:23.2.0] AndroidManifest.xml:38:27-73
167                <category android:name="android.intent.category.BROWSABLE" />
167-->[com.google.firebase:firebase-auth:23.2.0] AndroidManifest.xml:39:17-78
167-->[com.google.firebase:firebase-auth:23.2.0] AndroidManifest.xml:39:27-75
168
169                <data
169-->src\main\AndroidManifest.xml:53:13-50
170                    android:host="firebase.auth"
171                    android:path="/"
172                    android:scheme="genericidp" />
173            </intent-filter>
174        </activity>
175        <activity
175-->[com.google.firebase:firebase-auth:23.2.0] AndroidManifest.xml:47:9-64:20
176            android:name="com.google.firebase.auth.internal.RecaptchaActivity"
176-->[com.google.firebase:firebase-auth:23.2.0] AndroidManifest.xml:48:13-79
177            android:excludeFromRecents="true"
177-->[com.google.firebase:firebase-auth:23.2.0] AndroidManifest.xml:49:13-46
178            android:exported="true"
178-->[com.google.firebase:firebase-auth:23.2.0] AndroidManifest.xml:50:13-36
179            android:launchMode="singleTask"
179-->[com.google.firebase:firebase-auth:23.2.0] AndroidManifest.xml:51:13-44
180            android:theme="@android:style/Theme.Translucent.NoTitleBar" >
180-->[com.google.firebase:firebase-auth:23.2.0] AndroidManifest.xml:52:13-72
181            <intent-filter>
181-->[com.google.firebase:firebase-auth:23.2.0] AndroidManifest.xml:53:13-63:29
182                <action android:name="android.intent.action.VIEW" />
182-->[com.google.firebase:firebase-auth:23.2.0] AndroidManifest.xml:36:17-69
182-->[com.google.firebase:firebase-auth:23.2.0] AndroidManifest.xml:36:25-66
183
184                <category android:name="android.intent.category.DEFAULT" />
184-->[com.google.firebase:firebase-auth:23.2.0] AndroidManifest.xml:38:17-76
184-->[com.google.firebase:firebase-auth:23.2.0] AndroidManifest.xml:38:27-73
185                <category android:name="android.intent.category.BROWSABLE" />
185-->[com.google.firebase:firebase-auth:23.2.0] AndroidManifest.xml:39:17-78
185-->[com.google.firebase:firebase-auth:23.2.0] AndroidManifest.xml:39:27-75
186
187                <data
187-->src\main\AndroidManifest.xml:53:13-50
188                    android:host="firebase.auth"
189                    android:path="/"
190                    android:scheme="recaptcha" />
191            </intent-filter>
192        </activity>
193
194        <service
194-->[androidx.credentials:credentials-play-services-auth:1.2.0-rc01] AndroidManifest.xml:24:9-32:19
195            android:name="androidx.credentials.playservices.CredentialProviderMetadataHolder"
195-->[androidx.credentials:credentials-play-services-auth:1.2.0-rc01] AndroidManifest.xml:25:13-94
196            android:enabled="true"
196-->[androidx.credentials:credentials-play-services-auth:1.2.0-rc01] AndroidManifest.xml:26:13-35
197            android:exported="false" >
197-->[androidx.credentials:credentials-play-services-auth:1.2.0-rc01] AndroidManifest.xml:27:13-37
198            <meta-data
198-->[androidx.credentials:credentials-play-services-auth:1.2.0-rc01] AndroidManifest.xml:29:13-31:104
199                android:name="androidx.credentials.CREDENTIAL_PROVIDER_KEY"
199-->[androidx.credentials:credentials-play-services-auth:1.2.0-rc01] AndroidManifest.xml:30:17-76
200                android:value="androidx.credentials.playservices.CredentialProviderPlayServicesImpl" />
200-->[androidx.credentials:credentials-play-services-auth:1.2.0-rc01] AndroidManifest.xml:31:17-101
201        </service>
202
203        <activity
203-->[androidx.credentials:credentials-play-services-auth:1.2.0-rc01] AndroidManifest.xml:34:9-41:20
204            android:name="androidx.credentials.playservices.HiddenActivity"
204-->[androidx.credentials:credentials-play-services-auth:1.2.0-rc01] AndroidManifest.xml:35:13-76
205            android:configChanges="orientation|screenSize|screenLayout|keyboardHidden"
205-->[androidx.credentials:credentials-play-services-auth:1.2.0-rc01] AndroidManifest.xml:36:13-87
206            android:enabled="true"
206-->[androidx.credentials:credentials-play-services-auth:1.2.0-rc01] AndroidManifest.xml:37:13-35
207            android:exported="false"
207-->[androidx.credentials:credentials-play-services-auth:1.2.0-rc01] AndroidManifest.xml:38:13-37
208            android:fitsSystemWindows="true"
208-->[androidx.credentials:credentials-play-services-auth:1.2.0-rc01] AndroidManifest.xml:39:13-45
209            android:theme="@style/Theme.Hidden" >
209-->[androidx.credentials:credentials-play-services-auth:1.2.0-rc01] AndroidManifest.xml:40:13-48
210        </activity>
211        <activity
211-->[com.google.android.gms:play-services-auth:21.0.0] AndroidManifest.xml:23:9-27:75
212            android:name="com.google.android.gms.auth.api.signin.internal.SignInHubActivity"
212-->[com.google.android.gms:play-services-auth:21.0.0] AndroidManifest.xml:24:13-93
213            android:excludeFromRecents="true"
213-->[com.google.android.gms:play-services-auth:21.0.0] AndroidManifest.xml:25:13-46
214            android:exported="false"
214-->[com.google.android.gms:play-services-auth:21.0.0] AndroidManifest.xml:26:13-37
215            android:theme="@android:style/Theme.Translucent.NoTitleBar" />
215-->[com.google.android.gms:play-services-auth:21.0.0] AndroidManifest.xml:27:13-72
216        <!--
217            Service handling Google Sign-In user revocation. For apps that do not integrate with
218            Google Sign-In, this service will never be started.
219        -->
220        <service
220-->[com.google.android.gms:play-services-auth:21.0.0] AndroidManifest.xml:33:9-37:51
221            android:name="com.google.android.gms.auth.api.signin.RevocationBoundService"
221-->[com.google.android.gms:play-services-auth:21.0.0] AndroidManifest.xml:34:13-89
222            android:exported="true"
222-->[com.google.android.gms:play-services-auth:21.0.0] AndroidManifest.xml:35:13-36
223            android:permission="com.google.android.gms.auth.api.signin.permission.REVOCATION_NOTIFICATION"
223-->[com.google.android.gms:play-services-auth:21.0.0] AndroidManifest.xml:36:13-107
224            android:visibleToInstantApps="true" />
224-->[com.google.android.gms:play-services-auth:21.0.0] AndroidManifest.xml:37:13-48
225
226        <activity
226-->[com.google.android.gms:play-services-base:18.0.1] AndroidManifest.xml:20:9-22:45
227            android:name="com.google.android.gms.common.api.GoogleApiActivity"
227-->[com.google.android.gms:play-services-base:18.0.1] AndroidManifest.xml:20:19-85
228            android:exported="false"
228-->[com.google.android.gms:play-services-base:18.0.1] AndroidManifest.xml:22:19-43
229            android:theme="@android:style/Theme.Translucent.NoTitleBar" />
229-->[com.google.android.gms:play-services-base:18.0.1] AndroidManifest.xml:21:19-78
230
231        <provider
231-->[com.google.firebase:firebase-common:21.0.0] AndroidManifest.xml:23:9-28:39
232            android:name="com.google.firebase.provider.FirebaseInitProvider"
232-->[com.google.firebase:firebase-common:21.0.0] AndroidManifest.xml:24:13-77
233            android:authorities="com.example.digit_presence.firebaseinitprovider"
233-->[com.google.firebase:firebase-common:21.0.0] AndroidManifest.xml:25:13-72
234            android:directBootAware="true"
234-->[com.google.firebase:firebase-common:21.0.0] AndroidManifest.xml:26:13-43
235            android:exported="false"
235-->[com.google.firebase:firebase-common:21.0.0] AndroidManifest.xml:27:13-37
236            android:initOrder="100" />
236-->[com.google.firebase:firebase-common:21.0.0] AndroidManifest.xml:28:13-36
237        <provider
237-->[androidx.emoji2:emoji2:1.2.0] AndroidManifest.xml:24:9-32:20
238            android:name="androidx.startup.InitializationProvider"
238-->[androidx.emoji2:emoji2:1.2.0] AndroidManifest.xml:25:13-67
239            android:authorities="com.example.digit_presence.androidx-startup"
239-->[androidx.emoji2:emoji2:1.2.0] AndroidManifest.xml:26:13-68
240            android:exported="false" >
240-->[androidx.emoji2:emoji2:1.2.0] AndroidManifest.xml:27:13-37
241            <meta-data
241-->[androidx.emoji2:emoji2:1.2.0] AndroidManifest.xml:29:13-31:52
242                android:name="androidx.emoji2.text.EmojiCompatInitializer"
242-->[androidx.emoji2:emoji2:1.2.0] AndroidManifest.xml:30:17-75
243                android:value="androidx.startup" />
243-->[androidx.emoji2:emoji2:1.2.0] AndroidManifest.xml:31:17-49
244            <meta-data
244-->[androidx.lifecycle:lifecycle-process:2.7.0] AndroidManifest.xml:29:13-31:52
245                android:name="androidx.lifecycle.ProcessLifecycleInitializer"
245-->[androidx.lifecycle:lifecycle-process:2.7.0] AndroidManifest.xml:30:17-78
246                android:value="androidx.startup" />
246-->[androidx.lifecycle:lifecycle-process:2.7.0] AndroidManifest.xml:31:17-49
247            <meta-data
247-->[androidx.profileinstaller:profileinstaller:1.3.1] AndroidManifest.xml:29:13-31:52
248                android:name="androidx.profileinstaller.ProfileInstallerInitializer"
248-->[androidx.profileinstaller:profileinstaller:1.3.1] AndroidManifest.xml:30:17-85
249                android:value="androidx.startup" />
249-->[androidx.profileinstaller:profileinstaller:1.3.1] AndroidManifest.xml:31:17-49
250        </provider>
251
252        <uses-library
252-->[androidx.window:window:1.2.0] AndroidManifest.xml:23:9-25:40
253            android:name="androidx.window.extensions"
253-->[androidx.window:window:1.2.0] AndroidManifest.xml:24:13-54
254            android:required="false" />
254-->[androidx.window:window:1.2.0] AndroidManifest.xml:25:13-37
255        <uses-library
255-->[androidx.window:window:1.2.0] AndroidManifest.xml:26:9-28:40
256            android:name="androidx.window.sidecar"
256-->[androidx.window:window:1.2.0] AndroidManifest.xml:27:13-51
257            android:required="false" />
257-->[androidx.window:window:1.2.0] AndroidManifest.xml:28:13-37
258
259        <meta-data
259-->[com.google.android.gms:play-services-basement:18.4.0] AndroidManifest.xml:6:9-122
260            android:name="com.google.android.gms.version"
260-->[com.google.android.gms:play-services-basement:18.4.0] AndroidManifest.xml:6:20-65
261            android:value="@integer/google_play_services_version" />
261-->[com.google.android.gms:play-services-basement:18.4.0] AndroidManifest.xml:6:66-119
262
263        <receiver
263-->[androidx.profileinstaller:profileinstaller:1.3.1] AndroidManifest.xml:34:9-52:20
264            android:name="androidx.profileinstaller.ProfileInstallReceiver"
264-->[androidx.profileinstaller:profileinstaller:1.3.1] AndroidManifest.xml:35:13-76
265            android:directBootAware="false"
265-->[androidx.profileinstaller:profileinstaller:1.3.1] AndroidManifest.xml:36:13-44
266            android:enabled="true"
266-->[androidx.profileinstaller:profileinstaller:1.3.1] AndroidManifest.xml:37:13-35
267            android:exported="true"
267-->[androidx.profileinstaller:profileinstaller:1.3.1] AndroidManifest.xml:38:13-36
268            android:permission="android.permission.DUMP" >
268-->[androidx.profileinstaller:profileinstaller:1.3.1] AndroidManifest.xml:39:13-57
269            <intent-filter>
269-->[androidx.profileinstaller:profileinstaller:1.3.1] AndroidManifest.xml:40:13-42:29
270                <action android:name="androidx.profileinstaller.action.INSTALL_PROFILE" />
270-->[androidx.profileinstaller:profileinstaller:1.3.1] AndroidManifest.xml:41:17-91
270-->[androidx.profileinstaller:profileinstaller:1.3.1] AndroidManifest.xml:41:25-88
271            </intent-filter>
272            <intent-filter>
272-->[androidx.profileinstaller:profileinstaller:1.3.1] AndroidManifest.xml:43:13-45:29
273                <action android:name="androidx.profileinstaller.action.SKIP_FILE" />
273-->[androidx.profileinstaller:profileinstaller:1.3.1] AndroidManifest.xml:44:17-85
273-->[androidx.profileinstaller:profileinstaller:1.3.1] AndroidManifest.xml:44:25-82
274            </intent-filter>
275            <intent-filter>
275-->[androidx.profileinstaller:profileinstaller:1.3.1] AndroidManifest.xml:46:13-48:29
276                <action android:name="androidx.profileinstaller.action.SAVE_PROFILE" />
276-->[androidx.profileinstaller:profileinstaller:1.3.1] AndroidManifest.xml:47:17-88
276-->[androidx.profileinstaller:profileinstaller:1.3.1] AndroidManifest.xml:47:25-85
277            </intent-filter>
278            <intent-filter>
278-->[androidx.profileinstaller:profileinstaller:1.3.1] AndroidManifest.xml:49:13-51:29
279                <action android:name="androidx.profileinstaller.action.BENCHMARK_OPERATION" />
279-->[androidx.profileinstaller:profileinstaller:1.3.1] AndroidManifest.xml:50:17-95
279-->[androidx.profileinstaller:profileinstaller:1.3.1] AndroidManifest.xml:50:25-92
280            </intent-filter>
281        </receiver>
282
283        <activity
283-->[com.journeyapps:zxing-android-embedded:4.3.0] AndroidManifest.xml:47:9-53:63
284            android:name="com.journeyapps.barcodescanner.CaptureActivity"
284-->[com.journeyapps:zxing-android-embedded:4.3.0] AndroidManifest.xml:48:13-74
285            android:clearTaskOnLaunch="true"
285-->[com.journeyapps:zxing-android-embedded:4.3.0] AndroidManifest.xml:49:13-45
286            android:screenOrientation="sensorLandscape"
286-->[com.journeyapps:zxing-android-embedded:4.3.0] AndroidManifest.xml:50:13-56
287            android:stateNotNeeded="true"
287-->[com.journeyapps:zxing-android-embedded:4.3.0] AndroidManifest.xml:51:13-42
288            android:theme="@style/zxing_CaptureTheme"
288-->[com.journeyapps:zxing-android-embedded:4.3.0] AndroidManifest.xml:52:13-54
289            android:windowSoftInputMode="stateAlwaysHidden" /> <!-- The activities will be merged into the manifest of the hosting app. -->
289-->[com.journeyapps:zxing-android-embedded:4.3.0] AndroidManifest.xml:53:13-60
290        <activity
290-->[com.google.android.play:core-common:2.0.3] AndroidManifest.xml:14:9-18:65
291            android:name="com.google.android.play.core.common.PlayCoreDialogWrapperActivity"
291-->[com.google.android.play:core-common:2.0.3] AndroidManifest.xml:15:13-93
292            android:exported="false"
292-->[com.google.android.play:core-common:2.0.3] AndroidManifest.xml:16:13-37
293            android:stateNotNeeded="true"
293-->[com.google.android.play:core-common:2.0.3] AndroidManifest.xml:17:13-42
294            android:theme="@style/Theme.PlayCore.Transparent" />
294-->[com.google.android.play:core-common:2.0.3] AndroidManifest.xml:18:13-62
295    </application>
296
297</manifest>